2024-12-13 16:18:31 - INFO - 执行请求任务
2024-12-17 12:15:06 - INFO - 执行请求任务
2024-12-17 12:25:21 - INFO - 执行: train计算
2024-12-17 12:25:49 - INFO - init 1/5
2024-12-17 12:26:17 - INFO - init 2/5
2024-12-17 12:26:37 - INFO - init 3/5
2024-12-17 12:27:37 - INFO - init 4/5
2024-12-17 12:27:43 - INFO - init 5/5
2024-12-17 12:27:45 - INFO - Done init
2024-12-17 12:27:45 - INFO - 执行run_splatfacto
2024-12-17 12:36:30 - INFO - run_splatfacto完成
2024-12-17 12:36:30 - INFO - 执行ns_export
2024-12-17 12:37:56 - INFO - ns-export完成
2024-12-17 12:37:56 - INFO - 任务结束
2024-12-17 13:12:57 - INFO - 执行: train计算
2024-12-17 13:14:50 - INFO - init 1/5
2024-12-17 13:15:34 - INFO - init 2/5
2024-12-17 13:15:54 - INFO - init 3/5
2024-12-17 13:18:09 - INFO - init 4/5
2024-12-17 13:18:25 - INFO - init 5/5
2024-12-17 13:18:26 - INFO - Done init
2024-12-17 13:18:26 - INFO - 执行run_splatfacto
2024-12-17 13:27:14 - INFO - run_splatfacto完成
2024-12-17 13:27:14 - INFO - 执行ns_export
2024-12-17 13:28:35 - INFO - ns-export完成
2024-12-17 13:28:36 - INFO - 任务结束
2024-12-17 14:01:55 - INFO - 执行: train计算
2024-12-17 14:02:31 - INFO - init 1/5
2024-12-17 14:03:02 - INFO - init 2/5
2024-12-17 14:03:23 - INFO - init 3/5
2024-12-17 14:04:20 - INFO - init 4/5
2024-12-17 14:04:26 - INFO - init 5/5
2024-12-17 14:04:27 - INFO - Done init
2024-12-17 14:04:27 - INFO - 执行run_splatfacto
2024-12-17 14:13:12 - INFO - run_splatfacto完成
2024-12-17 14:13:12 - INFO - 执行ns_export
2024-12-17 14:14:40 - INFO - ns-export完成
2024-12-17 14:14:40 - INFO - 任务结束
2024-12-17 14:36:22 - INFO - 执行: train计算
2024-12-17 14:36:46 - INFO - init 1/5
2024-12-17 14:37:15 - INFO - init 2/5
2024-12-17 14:37:35 - INFO - init 3/5
2024-12-17 14:39:11 - INFO - init 4/5
2024-12-17 14:39:22 - INFO - init 5/5
2024-12-17 14:39:24 - INFO - Done init
2024-12-17 14:39:24 - INFO - 执行run_splatfacto
2024-12-17 14:48:18 - INFO - run_splatfacto完成
2024-12-17 14:48:18 - INFO - 执行ns_export
2024-12-17 14:49:49 - INFO - ns-export完成
2024-12-17 14:49:50 - INFO - 任务结束
2024-12-17 14:59:53 - INFO - 执行: train计算
2024-12-17 15:00:16 - INFO - init 1/5
2024-12-17 15:00:46 - INFO - init 2/5
2024-12-17 15:01:05 - INFO - init 3/5
2024-12-17 15:03:17 - INFO - init 4/5
2024-12-17 15:03:30 - INFO - init 5/5
2024-12-17 15:03:32 - INFO - Done init
2024-12-17 15:03:32 - INFO - 执行run_splatfacto
2024-12-17 15:12:22 - INFO - run_splatfacto完成
2024-12-17 15:12:22 - INFO - 执行ns_export
2024-12-17 15:13:53 - INFO - ns-export完成
2024-12-17 15:13:54 - INFO - 任务结束
2024-12-17 15:13:54 - INFO - 执行: train计算
2024-12-17 15:14:28 - INFO - init 1/5
2024-12-17 15:14:56 - INFO - init 2/5
2024-12-17 15:15:15 - INFO - init 3/5
2024-12-17 15:16:03 - INFO - init 4/5
2024-12-17 15:16:07 - INFO - init 5/5
2024-12-17 15:16:09 - INFO - Done init
2024-12-17 15:16:09 - INFO - 执行run_splatfacto
2024-12-17 15:24:10 - INFO - run_splatfacto完成
2024-12-17 15:24:10 - INFO - 执行ns_export
2024-12-17 15:25:28 - INFO - ns-export完成
2024-12-17 15:25:28 - INFO - 任务结束
2024-12-17 15:36:29 - INFO - 执行: train计算
2024-12-17 15:37:01 - INFO - init 1/5
2024-12-17 15:37:27 - INFO - init 2/5
2024-12-17 15:37:47 - INFO - init 3/5
2024-12-17 15:38:36 - INFO - init 4/5
2024-12-17 15:38:40 - INFO - init 5/5
2024-12-17 15:38:41 - INFO - Done init
2024-12-17 15:38:41 - INFO - 执行run_splatfacto
2024-12-17 15:46:19 - INFO - run_splatfacto完成
2024-12-17 15:46:19 - INFO - 执行ns_export
2024-12-17 15:47:30 - INFO - ns-export完成
2024-12-17 15:47:31 - INFO - 任务结束
2024-12-17 15:49:09 - INFO - 执行: train计算
2024-12-17 15:51:20 - INFO - init 1/5
2024-12-17 15:52:05 - INFO - init 2/5
2024-12-17 15:52:25 - INFO - init 3/5
2024-12-17 15:54:48 - INFO - init 4/5
2024-12-17 15:55:01 - INFO - init 5/5
2024-12-17 15:55:03 - INFO - Done init
2024-12-17 15:55:03 - INFO - 执行run_splatfacto
2024-12-17 16:04:13 - INFO - run_splatfacto完成
2024-12-17 16:04:13 - INFO - 执行ns_export
2024-12-17 16:05:42 - INFO - ns-export完成
2024-12-17 16:05:43 - INFO - 任务结束
